22:17:49.352 [main] DEBUG org.testng.TestNG - suiteXmlPath: "D:\Java_learning\Eclipse_workspace\OpenCart\DocckerCrossBrowserTest2.xml"
22:17:50.080 [main] INFO  org.testng.internal.Utils - [TestNG] Running:
  D:\Java_learning\Eclipse_workspace\OpenCart\DocckerCrossBrowserTest2.xml

22:17:58.694 [main] INFO  testCases.TC001_AccountRegistrationTest - ----TC001_AccountRegistrationTest started--------
22:17:59.687 [main] INFO  testCases.TC001_AccountRegistrationTest - ----From Home Page to Register Page--------
22:18:01.973 [main] INFO  testCases.TC001_AccountRegistrationTest - --------------TC001_AccountRegistrationTest finished-----------
22:18:43.505 [main] DEBUG org.testng.TestNG - suiteXmlPath: "D:\Java_learning\Eclipse_workspace\OpenCart\DocckerCrossBrowserTest2.xml"
22:18:44.230 [main] INFO  org.testng.internal.Utils - [TestNG] Running:
  D:\Java_learning\Eclipse_workspace\OpenCart\DocckerCrossBrowserTest2.xml

22:18:49.117 [main] INFO  testCases.TC001_AccountRegistrationTest - ----TC001_AccountRegistrationTest started--------
22:18:50.234 [main] INFO  testCases.TC001_AccountRegistrationTest - ----From Home Page to Register Page--------
22:18:52.542 [main] INFO  testCases.TC001_AccountRegistrationTest - --------------TC001_AccountRegistrationTest finished-----------
22:19:06.354 [main] INFO  testCases.TC001_AccountRegistrationTest - ----TC001_AccountRegistrationTest started--------
22:19:08.313 [main] INFO  testCases.TC001_AccountRegistrationTest - ----From Home Page to Register Page--------
22:19:10.519 [main] INFO  testCases.TC001_AccountRegistrationTest - --------------TC001_AccountRegistrationTest finished-----------
12:23:18.109 [main] DEBUG org.testng.TestNG - suiteXmlPath: "D:\Java_learning\Eclipse_workspace\OpenCart\master.xml"
12:23:58.512 [main] DEBUG org.testng.TestNG - suiteXmlPath: "D:\Java_learning\Eclipse_workspace\OpenCart\master.xml"
12:24:22.395 [main] INFO  testCases.TC001_AccountRegistrationTest - ----TC001_AccountRegistrationTest started--------
12:24:24.351 [main] INFO  testCases.TC001_AccountRegistrationTest - ----From Home Page to Register Page--------
12:24:26.785 [main] INFO  testCases.TC001_AccountRegistrationTest - --------------TC001_AccountRegistrationTest finished-----------
12:33:31.375 [main] DEBUG org.testng.TestNG - suiteXmlPath: "D:\Java_learning\Eclipse_workspace\OpenCart\master.xml"
12:34:01.007 [main] INFO  testCases.TC001_AccountRegistrationTest - ----TC001_AccountRegistrationTest started--------
12:34:02.646 [main] INFO  testCases.TC001_AccountRegistrationTest - ----From Home Page to Register Page--------
12:34:05.133 [main] INFO  testCases.TC001_AccountRegistrationTest - --------------TC001_AccountRegistrationTest finished-----------
12:39:01.283 [main] DEBUG org.testng.TestNG - suiteXmlPath: "D:\Java_learning\Eclipse_workspace\OpenCart\master.xml"
12:39:21.220 [main] INFO  testCases.TC001_AccountRegistrationTest - ----TC001_AccountRegistrationTest started--------
12:39:23.595 [main] INFO  testCases.TC001_AccountRegistrationTest - ----From Home Page to Register Page--------
12:39:26.207 [main] INFO  testCases.TC001_AccountRegistrationTest - --------------TC001_AccountRegistrationTest finished-----------
